OpenROAD 6f9b2bb8b808b1bb5831d4525d868212ae50517a 
This program is licensed under the BSD-3 license. See the LICENSE file for details.
Components of this program may be licensed under more restrictive licenses which must be honored.
[INFO]: Reading ODB at '/openlane/designs/ram/runs/RUN_2023.12.24_10.45.30/tmp/placement/9-io.odb'…
define_corners Typical
read_liberty -corner Typical /home/mechx/.volare/sky130A/libs.ref/sky130_fd_sc_hd/lib/sky130_fd_sc_hd__tt_025C_1v80.lib
Using 1e-12 for capacitance...
Using 1e+03 for resistance...
Using 1e-09 for time...
Using 1e+00 for voltage...
Using 1e-03 for current...
Using 1e-09 for power...
Using 1e-06 for distance...
Reading design constraints file at '/openlane/scripts/base.sdc'…
[INFO]: Setting output delay to: 2.0
[INFO]: Setting input delay to: 2.0
[INFO]: Setting load to: 0.033442
[INFO]: Setting clock uncertainty to: 0.25
[INFO]: Setting clock transition to: 0.15
[INFO]: Setting timing derate to: 5.0 %
[INFO]: Setting RC values...
[INFO]: Setting signal min routing layer to: met1 and clock min routing layer to met1. 
[INFO]: Setting signal max routing layer to: met5 and clock max routing layer to met5. 
[WARNING GPL-0150] -skip_io will disable timing driven mode.
[WARNING GPL-0151] -skip_io will disable routability driven mode.
[INFO GPL-0002] DBU: 1000
[INFO GPL-0003] SiteSize: 460 2720
[INFO GPL-0004] CoreAreaLxLy: 5520 10880
[INFO GPL-0005] CoreAreaUxUy: 230460 233920
[INFO GPL-0006] NumInstances: 3128
[INFO GPL-0007] NumPlaceInstances: 2250
[INFO GPL-0008] NumFixedInstances: 878
[INFO GPL-0009] NumDummyInstances: 0
[INFO GPL-0010] NumNets: 2266
[INFO GPL-0011] NumPins: 7339
[INFO GPL-0012] DieAreaLxLy: 0 0
[INFO GPL-0013] DieAreaUxUy: 236380 247100
[INFO GPL-0014] CoreAreaLxLy: 5520 10880
[INFO GPL-0015] CoreAreaUxUy: 230460 233920
[INFO GPL-0016] CoreArea: 50170617600
[INFO GPL-0017] NonPlaceInstsArea: 1508947200
[INFO GPL-0018] PlaceInstsArea: 25389350400
[INFO GPL-0019] Util(%): 52.18
[INFO GPL-0020] StdInstsArea: 25389350400
[INFO GPL-0021] MacroInstsArea: 0
[INFO GPL-0031] FillerInit: NumGCells: 2593
[INFO GPL-0032] FillerInit: NumGNets: 2266
[INFO GPL-0033] FillerInit: NumGPins: 7339
[INFO GPL-0023] TargetDensity: 0.60
[INFO GPL-0024] AveragePlaceInstArea: 11284155
[INFO GPL-0025] IdealBinArea: 18806924
[INFO GPL-0026] IdealBinCnt: 2667
[INFO GPL-0027] TotalBinArea: 50170617600
[INFO GPL-0028] BinCnt: 32 32
[INFO GPL-0029] BinSize: 7030 6970
[INFO GPL-0030] NumBins: 1024
[NesterovSolve] Iter: 1 overflow: 0.995142 HPWL: 5708229
[NesterovSolve] Iter: 10 overflow: 0.990586 HPWL: 3761000
[NesterovSolve] Iter: 20 overflow: 0.990586 HPWL: 3737584
[NesterovSolve] Iter: 30 overflow: 0.990586 HPWL: 3736018
[NesterovSolve] Iter: 40 overflow: 0.990586 HPWL: 3735877
[NesterovSolve] Iter: 50 overflow: 0.990586 HPWL: 3735576
[NesterovSolve] Iter: 60 overflow: 0.990586 HPWL: 3736083
[NesterovSolve] Iter: 70 overflow: 0.990586 HPWL: 3737872
[NesterovSolve] Iter: 80 overflow: 0.990586 HPWL: 3741486
[NesterovSolve] Iter: 90 overflow: 0.990586 HPWL: 3748308
[NesterovSolve] Iter: 100 overflow: 0.990586 HPWL: 3761332
[NesterovSolve] Iter: 110 overflow: 0.990586 HPWL: 3790136
[NesterovSolve] Iter: 120 overflow: 0.990586 HPWL: 3872477
[NesterovSolve] Iter: 130 overflow: 0.99032 HPWL: 4219684
[NesterovSolve] Iter: 140 overflow: 0.983875 HPWL: 5689503
[NesterovSolve] Iter: 150 overflow: 0.973327 HPWL: 7747698
[NesterovSolve] Iter: 160 overflow: 0.959384 HPWL: 9422239
[NesterovSolve] Iter: 170 overflow: 0.936259 HPWL: 12661470
[NesterovSolve] Iter: 180 overflow: 0.919781 HPWL: 14637238
[NesterovSolve] Iter: 190 overflow: 0.892369 HPWL: 17313748
[NesterovSolve] Iter: 200 overflow: 0.869455 HPWL: 19988733
[NesterovSolve] Iter: 210 overflow: 0.827134 HPWL: 22887760
[NesterovSolve] Iter: 220 overflow: 0.789052 HPWL: 25814245
[NesterovSolve] Iter: 230 overflow: 0.751921 HPWL: 28488883
[NesterovSolve] Iter: 240 overflow: 0.70317 HPWL: 31340574
[NesterovSolve] Iter: 250 overflow: 0.651003 HPWL: 33846729
[NesterovSolve] Iter: 260 overflow: 0.597969 HPWL: 36492621
[NesterovSolve] Iter: 270 overflow: 0.544293 HPWL: 38635315
[NesterovSolve] Iter: 280 overflow: 0.484037 HPWL: 40793436
[NesterovSolve] Iter: 290 overflow: 0.431144 HPWL: 42186021
[NesterovSolve] Iter: 300 overflow: 0.379463 HPWL: 43473413
[NesterovSolve] Iter: 310 overflow: 0.326452 HPWL: 43675113
[NesterovSolve] Iter: 320 overflow: 0.292859 HPWL: 43725992
[NesterovSolve] Iter: 330 overflow: 0.260255 HPWL: 43983297
[NesterovSolve] Iter: 340 overflow: 0.230396 HPWL: 44138474
[NesterovSolve] Iter: 350 overflow: 0.196442 HPWL: 44163431
[NesterovSolve] Iter: 360 overflow: 0.16992 HPWL: 44187882
[NesterovSolve] Iter: 370 overflow: 0.141468 HPWL: 44243490
[NesterovSolve] Iter: 380 overflow: 0.125213 HPWL: 44322354
[NesterovSolve] Iter: 390 overflow: 0.107866 HPWL: 44485668
[NesterovSolve] Finished with Overflow: 0.098414
Setting global connections for newly added cells…
Writing OpenROAD database to '/openlane/designs/ram/runs/RUN_2023.12.24_10.45.30/tmp/placement/10-global.odb'…
Writing netlist to '/openlane/designs/ram/runs/RUN_2023.12.24_10.45.30/tmp/placement/10-global.nl.v'…
Writing powered netlist to '/openlane/designs/ram/runs/RUN_2023.12.24_10.45.30/tmp/placement/10-global.pnl.v'…
Writing layout to '/openlane/designs/ram/runs/RUN_2023.12.24_10.45.30/tmp/placement/10-global.def'…
