OpenROAD 6f9b2bb8b808b1bb5831d4525d868212ae50517a 
This program is licensed under the BSD-3 license. See the LICENSE file for details.
Components of this program may be licensed under more restrictive licenses which must be honored.
[INFO ODB-0222] Reading LEF file: /openlane/designs/ram/runs/RUN_2023.12.24_10.45.30/tmp/merged.min.lef
[INFO ODB-0223]     Created 13 technology layers
[INFO ODB-0224]     Created 25 technology vias
[INFO ODB-0225]     Created 441 library cells
[INFO ODB-0226] Finished LEF file:  /openlane/designs/ram/runs/RUN_2023.12.24_10.45.30/tmp/merged.min.lef
[INFO ODB-0127] Reading DEF file: /openlane/designs/ram/runs/RUN_2023.12.24_10.45.30/results/routing/single_port_ram.def
[INFO ODB-0128] Design: single_port_ram
[INFO ODB-0130]     Created 26 pins.
[INFO ODB-0131]     Created 6503 components and 33103 component-terminals.
[INFO ODB-0132]     Created 2 special nets and 24584 connections.
[INFO ODB-0133]     Created 2847 nets and 8519 connections.
[INFO ODB-0134] Finished DEF file: /openlane/designs/ram/runs/RUN_2023.12.24_10.45.30/results/routing/single_port_ram.def
define_corners Typical
read_liberty -corner Typical /home/mechx/.volare/sky130A/libs.ref/sky130_fd_sc_hd/lib/sky130_fd_sc_hd__tt_025C_1v80.lib
Using 1e-12 for capacitance...
Using 1e+03 for resistance...
Using 1e-09 for time...
Using 1e+00 for voltage...
Using 1e-03 for current...
Using 1e-09 for power...
Using 1e-06 for distance...
Using RCX ruleset '/home/mechx/.volare/sky130A/libs.tech/openlane/rules.openrcx.sky130A.min.calibre'...
[INFO RCX-0431] Defined process_corner X with ext_model_index 0
[INFO RCX-0029] Defined extraction corner X
[INFO RCX-0008] extracting parasitics of single_port_ram ...
[INFO RCX-0435] Reading extraction model file /home/mechx/.volare/sky130A/libs.tech/openlane/rules.openrcx.sky130A.min.calibre ...
[INFO RCX-0436] RC segment generation single_port_ram (max_merge_res 50.0) ...
[INFO RCX-0040] Final 8645 rc segments
[INFO RCX-0439] Coupling Cap extraction single_port_ram ...
[INFO RCX-0440] Coupling threshhold is 0.1000 fF, coupling capacitance less than 0.1000 fF will be grounded.
[INFO RCX-0043] 19041 wires to be extracted
[INFO RCX-0442] 50% completion -- 9545 wires have been extracted
[INFO RCX-0442] 100% completion -- 19041 wires have been extracted
[INFO RCX-0045] Extract 2847 nets, 11492 rsegs, 11492 caps, 20718 ccs
[INFO RCX-0015] Finished extracting single_port_ram.
Writing result to /openlane/designs/ram/runs/RUN_2023.12.24_10.45.30/results/routing/mca/process_corner_min/single_port_ram.spef...
Setting global connections for newly added cells…
[WARNING] Did not save OpenROAD database!
Writing extracted parasitics to '/openlane/designs/ram/runs/RUN_2023.12.24_10.45.30/results/routing/mca/process_corner_min/single_port_ram.spef'…
[INFO RCX-0016] Writing SPEF ...
[INFO RCX-0443] 2847 nets finished
[INFO RCX-0017] Finished writing SPEF ...
