
Magic 8.3 revision 416 - Compiled on Tue Jul 25 11:03:51 UTC 2023.
Starting magic under Tcl interpreter
Using the terminal as the console.
Using NULL graphics device.
Processing system .magicrc file
Sourcing design .magicrc for technology sky130A ...
2 Magic internal units = 1 Lambda
Input style sky130(): scaleFactor=2, multiplier=2
The following types are not handled by extraction and will be treated as non-electrical types:
    ubm 
Scaled tech values by 2 / 1 to match internal grid scaling
Loading sky130A Device Generator Menu ...
Using technology "sky130A", version 1.0.461-0-gcd1748b
Reading LEF data from file /home/mechx/.volare/sky130A/libs.ref/sky130_fd_sc_hd/techlef/sky130_fd_sc_hd__nom.tlef.
This action cannot be undone.
LEF read, Line 78 (Message): Unknown keyword "ANTENNAMODEL" in LEF file; ignoring.
LEF read, Line 79 (Message): Unknown keyword "ANTENNADIFFSIDEAREARATIO" in LEF file; ignoring.
LEF read, Line 112 (Message): Unknown keyword "MINENCLOSEDAREA" in LEF file; ignoring.
LEF read, Line 114 (Message): Unknown keyword "ANTENNAMODEL" in LEF file; ignoring.
LEF read, Line 115 (Message): Unknown keyword "ANTENNADIFFSIDEAREARATIO" in LEF file; ignoring.
LEF read, Line 121 (Message): Unknown keyword "MAXIMUMDENSITY" in LEF file; ignoring.
LEF read, Line 122 (Message): Unknown keyword "DENSITYCHECKWINDOW" in LEF file; ignoring.
LEF read, Line 123 (Message): Unknown keyword "DENSITYCHECKSTEP" in LEF file; ignoring.
LEF read, Line 156 (Message): Unknown keyword "MINENCLOSEDAREA" in LEF file; ignoring.
LEF read, Line 164 (Message): Unknown keyword "ANTENNAMODEL" in LEF file; ignoring.
LEF read, Line 165 (Message): Unknown keyword "ANTENNADIFFSIDEAREARATIO" in LEF file; ignoring.
LEF read, Line 167 (Message): Unknown keyword "MAXIMUMDENSITY" in LEF file; ignoring.
LEF read, Line 168 (Message): Unknown keyword "DENSITYCHECKWINDOW" in LEF file; ignoring.
LEF read, Line 169 (Message): Unknown keyword "DENSITYCHECKSTEP" in LEF file; ignoring.
LEF read, Line 206 (Message): Unknown keyword "ANTENNAMODEL" in LEF file; ignoring.
LEF read, Line 207 (Message): Unknown keyword "ANTENNADIFFSIDEAREARATIO" in LEF file; ignoring.
LEF read, Line 209 (Message): Unknown keyword "MAXIMUMDENSITY" in LEF file; ignoring.
LEF read, Line 210 (Message): Unknown keyword "DENSITYCHECKWINDOW" in LEF file; ignoring.
LEF read, Line 211 (Message): Unknown keyword "DENSITYCHECKSTEP" in LEF file; ignoring.
LEF read, Line 248 (Message): Unknown keyword "ANTENNAMODEL" in LEF file; ignoring.
LEF read, Line 249 (Message): Unknown keyword "ANTENNADIFFSIDEAREARATIO" in LEF file; ignoring.
LEF read, Line 251 (Message): Unknown keyword "MAXIMUMDENSITY" in LEF file; ignoring.
LEF read, Line 252 (Message): Unknown keyword "DENSITYCHECKWINDOW" in LEF file; ignoring.
LEF read, Line 253 (Message): Unknown keyword "DENSITYCHECKSTEP" in LEF file; ignoring.
LEF read, Line 290 (Message): Unknown keyword "ANTENNAMODEL" in LEF file; ignoring.
LEF read, Line 291 (Message): Unknown keyword "ANTENNADIFFSIDEAREARATIO" in LEF file; ignoring.
LEF read: Processed 797 lines.
Reading DEF data from file /openlane/designs/ram/runs/RUN_2023.12.24_10.45.30/results/routing/single_port_ram.def.
This action cannot be undone.
  Processed 4 vias total.
Cell sky130_fd_sc_hd__diode_2 read from path /home/mechx/.volare/sky130A/libs.ref/sky130_fd_sc_hd/mag
Cell sky130_fd_sc_hd__decap_3 read from path /home/mechx/.volare/sky130A/libs.ref/sky130_fd_sc_hd/mag
Cell sky130_ef_sc_hd__decap_12 read from path /home/mechx/.volare/sky130A/libs.ref/sky130_fd_sc_hd/mag
Cell sky130_fd_sc_hd__decap_8 read from path /home/mechx/.volare/sky130A/libs.ref/sky130_fd_sc_hd/mag
Cell sky130_fd_sc_hd__fill_1 read from path /home/mechx/.volare/sky130A/libs.ref/sky130_fd_sc_hd/mag
Cell sky130_fd_sc_hd__decap_6 read from path /home/mechx/.volare/sky130A/libs.ref/sky130_fd_sc_hd/mag
Cell sky130_fd_sc_hd__fill_2 read from path /home/mechx/.volare/sky130A/libs.ref/sky130_fd_sc_hd/mag
Cell sky130_fd_sc_hd__decap_4 read from path /home/mechx/.volare/sky130A/libs.ref/sky130_fd_sc_hd/mag
Cell sky130_fd_sc_hd__tapvpwrvgnd_1 read from path /home/mechx/.volare/sky130A/libs.ref/sky130_fd_sc_hd/mag
Cell sky130_fd_sc_hd__clkbuf_2 read from path /home/mechx/.volare/sky130A/libs.ref/sky130_fd_sc_hd/mag
Cell sky130_fd_sc_hd__clkbuf_4 read from path /home/mechx/.volare/sky130A/libs.ref/sky130_fd_sc_hd/mag
Cell sky130_fd_sc_hd__mux2_1 read from path /home/mechx/.volare/sky130A/libs.ref/sky130_fd_sc_hd/mag
Cell sky130_fd_sc_hd__clkbuf_1 read from path /home/mechx/.volare/sky130A/libs.ref/sky130_fd_sc_hd/mag
Cell sky130_fd_sc_hd__buf_2 read from path /home/mechx/.volare/sky130A/libs.ref/sky130_fd_sc_hd/mag
Cell sky130_fd_sc_hd__buf_4 read from path /home/mechx/.volare/sky130A/libs.ref/sky130_fd_sc_hd/mag
Cell sky130_fd_sc_hd__mux4_1 read from path /home/mechx/.volare/sky130A/libs.ref/sky130_fd_sc_hd/mag
Cell sky130_fd_sc_hd__or2_1 read from path /home/mechx/.volare/sky130A/libs.ref/sky130_fd_sc_hd/mag
Cell sky130_fd_sc_hd__inv_2 read from path /home/mechx/.volare/sky130A/libs.ref/sky130_fd_sc_hd/mag
Cell sky130_fd_sc_hd__clkbuf_8 read from path /home/mechx/.volare/sky130A/libs.ref/sky130_fd_sc_hd/mag
Cell sky130_fd_sc_hd__clkinv_4 read from path /home/mechx/.volare/sky130A/libs.ref/sky130_fd_sc_hd/mag
Cell sky130_fd_sc_hd__o21a_1 read from path /home/mechx/.volare/sky130A/libs.ref/sky130_fd_sc_hd/mag
Cell sky130_fd_sc_hd__a22o_1 read from path /home/mechx/.volare/sky130A/libs.ref/sky130_fd_sc_hd/mag
Cell sky130_fd_sc_hd__and2b_1 read from path /home/mechx/.volare/sky130A/libs.ref/sky130_fd_sc_hd/mag
Cell sky130_fd_sc_hd__a21o_1 read from path /home/mechx/.volare/sky130A/libs.ref/sky130_fd_sc_hd/mag
Cell sky130_fd_sc_hd__o221a_1 read from path /home/mechx/.volare/sky130A/libs.ref/sky130_fd_sc_hd/mag
Cell sky130_fd_sc_hd__and2_1 read from path /home/mechx/.volare/sky130A/libs.ref/sky130_fd_sc_hd/mag
Cell sky130_fd_sc_hd__o21ba_1 read from path /home/mechx/.volare/sky130A/libs.ref/sky130_fd_sc_hd/mag
Cell sky130_fd_sc_hd__a211o_1 read from path /home/mechx/.volare/sky130A/libs.ref/sky130_fd_sc_hd/mag
Cell sky130_fd_sc_hd__o31a_1 read from path /home/mechx/.volare/sky130A/libs.ref/sky130_fd_sc_hd/mag
Cell sky130_fd_sc_hd__mux4_2 read from path /home/mechx/.volare/sky130A/libs.ref/sky130_fd_sc_hd/mag
Cell sky130_fd_sc_hd__a32o_1 read from path /home/mechx/.volare/sky130A/libs.ref/sky130_fd_sc_hd/mag
Cell sky130_fd_sc_hd__and3_2 read from path /home/mechx/.volare/sky130A/libs.ref/sky130_fd_sc_hd/mag
Cell sky130_fd_sc_hd__inv_4 read from path /home/mechx/.volare/sky130A/libs.ref/sky130_fd_sc_hd/mag
Cell sky130_fd_sc_hd__or4_1 read from path /home/mechx/.volare/sky130A/libs.ref/sky130_fd_sc_hd/mag
Cell sky130_fd_sc_hd__nor2_4 read from path /home/mechx/.volare/sky130A/libs.ref/sky130_fd_sc_hd/mag
Cell sky130_fd_sc_hd__and4b_2 read from path /home/mechx/.volare/sky130A/libs.ref/sky130_fd_sc_hd/mag
Cell sky130_fd_sc_hd__and3b_1 read from path /home/mechx/.volare/sky130A/libs.ref/sky130_fd_sc_hd/mag
Cell sky130_fd_sc_hd__nand2_4 read from path /home/mechx/.volare/sky130A/libs.ref/sky130_fd_sc_hd/mag
Cell sky130_fd_sc_hd__or3_1 read from path /home/mechx/.volare/sky130A/libs.ref/sky130_fd_sc_hd/mag
Cell sky130_fd_sc_hd__or3_4 read from path /home/mechx/.volare/sky130A/libs.ref/sky130_fd_sc_hd/mag
Cell sky130_fd_sc_hd__or3b_4 read from path /home/mechx/.volare/sky130A/libs.ref/sky130_fd_sc_hd/mag
Cell sky130_fd_sc_hd__or2_4 read from path /home/mechx/.volare/sky130A/libs.ref/sky130_fd_sc_hd/mag
Cell sky130_fd_sc_hd__and3b_2 read from path /home/mechx/.volare/sky130A/libs.ref/sky130_fd_sc_hd/mag
Cell sky130_fd_sc_hd__and4b_1 read from path /home/mechx/.volare/sky130A/libs.ref/sky130_fd_sc_hd/mag
Cell sky130_fd_sc_hd__nor3_4 read from path /home/mechx/.volare/sky130A/libs.ref/sky130_fd_sc_hd/mag
Cell sky130_fd_sc_hd__or4_4 read from path /home/mechx/.volare/sky130A/libs.ref/sky130_fd_sc_hd/mag
Cell sky130_fd_sc_hd__or4bb_4 read from path /home/mechx/.volare/sky130A/libs.ref/sky130_fd_sc_hd/mag
Cell sky130_fd_sc_hd__or3b_1 read from path /home/mechx/.volare/sky130A/libs.ref/sky130_fd_sc_hd/mag
Cell sky130_fd_sc_hd__and3_4 read from path /home/mechx/.volare/sky130A/libs.ref/sky130_fd_sc_hd/mag
Cell sky130_fd_sc_hd__and4bb_4 read from path /home/mechx/.volare/sky130A/libs.ref/sky130_fd_sc_hd/mag
Cell sky130_fd_sc_hd__buf_6 read from path /home/mechx/.volare/sky130A/libs.ref/sky130_fd_sc_hd/mag
Cell sky130_fd_sc_hd__nor2b_4 read from path /home/mechx/.volare/sky130A/libs.ref/sky130_fd_sc_hd/mag
Cell sky130_fd_sc_hd__and3_1 read from path /home/mechx/.volare/sky130A/libs.ref/sky130_fd_sc_hd/mag
Cell sky130_fd_sc_hd__dfxtp_1 read from path /home/mechx/.volare/sky130A/libs.ref/sky130_fd_sc_hd/mag
Cell sky130_fd_sc_hd__dfxtp_2 read from path /home/mechx/.volare/sky130A/libs.ref/sky130_fd_sc_hd/mag
Cell sky130_fd_sc_hd__dfxtp_4 read from path /home/mechx/.volare/sky130A/libs.ref/sky130_fd_sc_hd/mag
Cell sky130_fd_sc_hd__clkbuf_16 read from path /home/mechx/.volare/sky130A/libs.ref/sky130_fd_sc_hd/mag
Cell sky130_fd_sc_hd__dlygate4sd3_1 read from path /home/mechx/.volare/sky130A/libs.ref/sky130_fd_sc_hd/mag
Cell sky130_fd_sc_hd__buf_1 read from path /home/mechx/.volare/sky130A/libs.ref/sky130_fd_sc_hd/mag
Cell sky130_fd_sc_hd__dlymetal6s2s_1 read from path /home/mechx/.volare/sky130A/libs.ref/sky130_fd_sc_hd/mag
  Processed 6503 subcell instances total.
  Processed 26 pins total.
  Processed 2 special nets total.
  Processed 2847 nets total.
DEF read: Processed 46594 lines.
Moving label "_0006_" from metal1 to via1 in cell single_port_ram.
Moving label "_0009_" from metal1 to via1 in cell single_port_ram.
Moving label "_0017_" from metal1 to via1 in cell single_port_ram.
Moving label "_0021_" from metal1 to via1 in cell single_port_ram.
Moving label "_0024_" from metal1 to via1 in cell single_port_ram.
Moving label "_0029_" from metal1 to viali in cell single_port_ram.
Moving label "_0036_" from metal1 to via1 in cell single_port_ram.
Moving label "_0037_" from metal1 to via1 in cell single_port_ram.
Moving label "_0040_" from metal1 to via1 in cell single_port_ram.
Moving label "_0053_" from metal1 to via1 in cell single_port_ram.
Moving label "_0056_" from metal1 to via1 in cell single_port_ram.
Moving label "_0067_" from metal1 to via1 in cell single_port_ram.
Moving label "_0078_" from metal1 to via1 in cell single_port_ram.
Moving label "_0080_" from metal1 to via1 in cell single_port_ram.
Moving label "_0094_" from metal1 to via1 in cell single_port_ram.
Moving label "_0106_" from metal1 to via1 in cell single_port_ram.
Moving label "_0110_" from metal1 to via1 in cell single_port_ram.
Moving label "_0114_" from metal1 to via1 in cell single_port_ram.
Moving label "_0123_" from metal1 to via1 in cell single_port_ram.
Moving label "_0130_" from metal1 to via1 in cell single_port_ram.
Moving label "_0140_" from metal1 to via1 in cell single_port_ram.
Moving label "_0174_" from metal1 to via1 in cell single_port_ram.
Moving label "_0204_" from metal1 to via1 in cell single_port_ram.
Moving label "_0205_" from metal1 to via1 in cell single_port_ram.
Moving label "_0209_" from metal1 to via1 in cell single_port_ram.
Moving label "_0213_" from metal1 to via1 in cell single_port_ram.
Moving label "_0214_" from metal1 to via1 in cell single_port_ram.
Moving label "_0228_" from metal1 to via1 in cell single_port_ram.
Moving label "_0239_" from metal1 to via1 in cell single_port_ram.
Moving label "_0242_" from metal1 to via1 in cell single_port_ram.
Moving label "_0243_" from metal1 to via1 in cell single_port_ram.
Moving label "_0253_" from metal1 to via1 in cell single_port_ram.
Moving label "_0255_" from metal1 to via1 in cell single_port_ram.
Moving label "_0268_" from metal1 to via1 in cell single_port_ram.
Moving label "_0271_" from metal1 to via1 in cell single_port_ram.
Moving label "_0274_" from metal1 to viali in cell single_port_ram.
Moving label "_0276_" from metal1 to viali in cell single_port_ram.
Moving label "_0297_" from metal1 to via1 in cell single_port_ram.
Moving label "_0311_" from metal1 to via1 in cell single_port_ram.
Moving label "_0316_" from metal1 to via1 in cell single_port_ram.
Moving label "_0337_" from metal1 to via1 in cell single_port_ram.
Moving label "_0338_" from metal1 to via1 in cell single_port_ram.
Moving label "_0343_" from metal1 to via1 in cell single_port_ram.
Moving label "_0363_" from metal1 to via1 in cell single_port_ram.
Moving label "_0368_" from metal1 to via1 in cell single_port_ram.
Moving label "_0375_" from metal1 to via1 in cell single_port_ram.
Moving label "_0380_" from metal1 to via1 in cell single_port_ram.
Moving label "_0401_" from metal1 to via1 in cell single_port_ram.
Moving label "_0406_" from metal1 to via1 in cell single_port_ram.
Moving label "_0407_" from metal1 to via1 in cell single_port_ram.
Moving label "_0420_" from metal1 to via1 in cell single_port_ram.
Moving label "_0421_" from metal1 to via1 in cell single_port_ram.
Moving label "_0436_" from metal1 to via1 in cell single_port_ram.
Moving label "_0440_" from metal1 to via1 in cell single_port_ram.
Moving label "_0448_" from metal1 to via1 in cell single_port_ram.
Moving label "_0449_" from metal1 to via1 in cell single_port_ram.
Moving label "_0460_" from metal1 to via1 in cell single_port_ram.
Moving label "_0485_" from metal1 to via1 in cell single_port_ram.
Moving label "_0492_" from metal1 to via1 in cell single_port_ram.
Moving label "_0493_" from metal1 to viali in cell single_port_ram.
Moving label "_0497_" from metal1 to via1 in cell single_port_ram.
Moving label "_0509_" from metal1 to viali in cell single_port_ram.
Moving label "_0510_" from metal1 to via1 in cell single_port_ram.
Moving label "_0518_" from metal1 to via1 in cell single_port_ram.
Moving label "_0519_" from metal1 to via1 in cell single_port_ram.
Moving label "_0522_" from metal1 to via1 in cell single_port_ram.
Moving label "_0524_" from metal1 to via1 in cell single_port_ram.
Moving label "_0543_" from metal2 to via2 in cell single_port_ram.
Moving label "_0588_" from metal2 to via1 in cell single_port_ram.
Moving label "_0600_" from metal2 to via2 in cell single_port_ram.
Moving label "_0652_" from metal3 to via3 in cell single_port_ram.
Moving label "_0658_" from metal2 to via2 in cell single_port_ram.
Moving label "_0664_" from metal1 to via1 in cell single_port_ram.
Moving label "_0713_" from metal2 to via2 in cell single_port_ram.
Moving label "_0716_" from metal2 to via2 in cell single_port_ram.
Moving label "_0718_" from metal1 to viali in cell single_port_ram.
Moving label "_0769_" from metal2 to via2 in cell single_port_ram.
Moving label "_0821_" from metal2 to via1 in cell single_port_ram.
Moving label "_0823_" from metal2 to via2 in cell single_port_ram.
Moving label "_0870_" from metal1 to via1 in cell single_port_ram.
Moving label "_0877_" from metal2 to via2 in cell single_port_ram.
Moving label "_0947_" from metal2 to via2 in cell single_port_ram.
Moving label "_1018_" from metal2 to via2 in cell single_port_ram.
Moving label "_1216_" from metal2 to via1 in cell single_port_ram.
Moving label "_1317_" from metal2 to via2 in cell single_port_ram.
Moving label "_1681_" from metal1 to via1 in cell single_port_ram.
Moving label "net150" from metal2 to via2 in cell single_port_ram.
Moving label "net2" from metal2 to via2 in cell single_port_ram.
Moving label "net21" from metal2 to via2 in cell single_port_ram.
Moving label "net23" from metal2 to via2 in cell single_port_ram.
Moving label "net38" from metal1 to viali in cell single_port_ram.
Moving label "net495" from metal1 to viali in cell single_port_ram.
Moving label "ram\[11\]\[1\]" from metal1 to via1 in cell single_port_ram.
Moving label "ram\[19\]\[6\]" from metal1 to via1 in cell single_port_ram.
Moving label "ram\[22\]\[6\]" from metal1 to via1 in cell single_port_ram.
Moving label "ram\[2\]\[3\]" from metal1 to via1 in cell single_port_ram.
Moving label "ram\[30\]\[7\]" from metal2 to via1 in cell single_port_ram.
Moving label "ram\[31\]\[5\]" from metal1 to via1 in cell single_port_ram.
Moving label "ram\[37\]\[3\]" from metal1 to via1 in cell single_port_ram.
Moving label "ram\[40\]\[4\]" from metal1 to via1 in cell single_port_ram.
Moving label "ram\[40\]\[5\]" from metal1 to via1 in cell single_port_ram.
Moving label "ram\[44\]\[6\]" from metal1 to via1 in cell single_port_ram.
Moving label "ram\[48\]\[6\]" from metal2 to via2 in cell single_port_ram.
Moving label "ram\[52\]\[2\]" from metal1 to via1 in cell single_port_ram.
Moving label "ram\[54\]\[4\]" from metal1 to via1 in cell single_port_ram.
Moving label "ram\[55\]\[5\]" from metal2 to via1 in cell single_port_ram.
Moving label "ram\[58\]\[1\]" from metal1 to via1 in cell single_port_ram.
Moving label "ram\[59\]\[1\]" from metal1 to via1 in cell single_port_ram.
[INFO]: Writing abstract LEF
Generating LEF output /openlane/designs/ram/runs/RUN_2023.12.24_10.45.30/results/signoff/single_port_ram.lef for cell single_port_ram:
Diagnostic:  Write LEF header for cell single_port_ram
Diagnostic:  Writing LEF output for cell single_port_ram
Diagnostic:  Scale value is 0.005000
[INFO]: LEF Write Complete
