OpenROAD 6f9b2bb8b808b1bb5831d4525d868212ae50517a 
This program is licensed under the BSD-3 license. See the LICENSE file for details.
Components of this program may be licensed under more restrictive licenses which must be honored.
[INFO]: Reading ODB at '/openlane/designs/ram/runs/RUN_2023.12.24_10.45.30/results/routing/single_port_ram.odb'…
define_corners Typical
read_liberty -corner Typical /home/mechx/.volare/sky130A/libs.ref/sky130_fd_sc_hd/lib/sky130_fd_sc_hd__tt_025C_1v80.lib
Using 1e-12 for capacitance...
Using 1e+03 for resistance...
Using 1e-09 for time...
Using 1e+00 for voltage...
Using 1e-03 for current...
Using 1e-09 for power...
Using 1e-06 for distance...
Reading design constraints file at '/openlane/scripts/base.sdc'…
[INFO]: Setting output delay to: 2.0
[INFO]: Setting input delay to: 2.0
[INFO]: Setting load to: 0.033442
[INFO]: Setting clock uncertainty to: 0.25
[INFO]: Setting clock transition to: 0.15
[INFO]: Setting timing derate to: 5.0 %
Net: _1064_
  Pin: _2347_/A1 (sky130_fd_sc_hd__mux2_1)
    Layer: met1
      Partial area ratio:   12.07
      Required ratio:    0.00 (Gate area) 
      Partial area ratio:   61.89
      Required ratio: 2918.08 (Side area) 
      Cumulative area ratio:   12.07
      Required ratio:    0.00 (Cumulative area) 
      Cumulative area ratio:   61.89
      Required ratio:    0.00 (Cumulative side area) 

    Layer: li1
      Partial area ratio:    0.00
      Required ratio:    0.00 (Gate area) 
      Partial area ratio:    0.00
      Required ratio:   75.00 (Side area) 
      Cumulative area ratio:    0.00
      Required ratio:    0.00 (Cumulative area) 
      Cumulative area ratio:    0.00
      Required ratio:    0.00 (Cumulative side area) 

    Layer: met2
      Partial area ratio:   21.67
      Required ratio:    0.00 (Gate area) 
      Partial area ratio:  110.16
      Required ratio: 3091.96 (Side area) 
      Cumulative area ratio:   33.74
      Required ratio:    0.00 (Cumulative area) 
      Cumulative area ratio:  172.04
      Required ratio:    0.00 (Cumulative side area) 

    Via: M1M2_PR
      Partial area ratio:    0.18
      Required ratio:    6.00 (Gate area) 
      Cumulative area ratio:    0.41
      Required ratio:    0.00 (Cumulative area) 

    Via: L1M1_PR_MR
      Partial area ratio:    0.23
      Required ratio:    3.00 (Gate area) 
      Cumulative area ratio:    0.23
      Required ratio:    0.00 (Cumulative area) 

  Pin: _2278_/A1 (sky130_fd_sc_hd__mux2_1)
    Layer: met2
      Partial area ratio:   21.67
      Required ratio:    0.00 (Gate area) 
      Partial area ratio:  110.16
      Required ratio: 3091.96 (Side area) 
      Cumulative area ratio:   21.67
      Required ratio:    0.00 (Cumulative area) 
      Cumulative area ratio:  110.16
      Required ratio:    0.00 (Cumulative side area) 

    Layer: met1
      Partial area ratio:    0.00
      Required ratio:    0.00 (Gate area) 
      Partial area ratio:    0.00
      Required ratio:  400.00 (Side area) 
      Cumulative area ratio:    0.00
      Required ratio:    0.00 (Cumulative area) 
      Cumulative area ratio:    0.00
      Required ratio:    0.00 (Cumulative side area) 

    Layer: li1
      Partial area ratio:    0.00
      Required ratio:    0.00 (Gate area) 
      Partial area ratio:    0.00
      Required ratio:   75.00 (Side area) 
      Cumulative area ratio:    0.00
      Required ratio:    0.00 (Cumulative area) 
      Cumulative area ratio:    0.00
      Required ratio:    0.00 (Cumulative side area) 

    Via: M1M2_PR
      Partial area ratio:    0.18
      Required ratio:    6.00 (Gate area) 
      Cumulative area ratio:    0.41
      Required ratio:    0.00 (Cumulative area) 

    Via: L1M1_PR_MR
      Partial area ratio:    0.23
      Required ratio:    3.00 (Gate area) 
      Cumulative area ratio:    0.23
      Required ratio:    0.00 (Cumulative area) 

  Pin: _3415_/A0 (sky130_fd_sc_hd__mux2_1)
    Layer: met2
      Partial area ratio:   21.67
      Required ratio:    0.00 (Gate area) 
      Partial area ratio:  110.16
      Required ratio: 3091.96 (Side area) 
      Cumulative area ratio:  155.90
      Required ratio:    0.00 (Cumulative area) 
      Cumulative area ratio:  796.04
      Required ratio:    0.00 (Cumulative side area) 

    Layer: met1
      Partial area ratio:    4.42
      Required ratio:    0.00 (Gate area) 
      Partial area ratio:   24.44
      Required ratio: 2773.88 (Side area) 
      Cumulative area ratio:    4.42
      Required ratio:    0.00 (Cumulative area) 
      Cumulative area ratio:   24.44
      Required ratio:    0.00 (Cumulative side area) 

    Layer: li1
      Partial area ratio:    0.00
      Required ratio:    0.00 (Gate area) 
      Partial area ratio:    0.00
      Required ratio:   75.00 (Side area) 
      Cumulative area ratio:    0.00
      Required ratio:    0.00 (Cumulative area) 
      Cumulative area ratio:    0.00
      Required ratio:    0.00 (Cumulative side area) 

    Via: M1M2_PR
      Partial area ratio:    0.18
      Required ratio:    6.00 (Gate area) 
      Cumulative area ratio:    0.41
      Required ratio:    0.00 (Cumulative area) 

    Via: L1M1_PR_MR
      Partial area ratio:    0.23
      Required ratio:    3.00 (Gate area) 
      Cumulative area ratio:    0.23
      Required ratio:    0.00 (Cumulative area) 

  Pin: _2366_/A1 (sky130_fd_sc_hd__mux2_1)
    Layer: met2
      Partial area ratio:   21.67
      Required ratio:    0.00 (Gate area) 
      Partial area ratio:  110.16
      Required ratio: 3091.96 (Side area) 
      Cumulative area ratio:  153.67
      Required ratio:    0.00 (Cumulative area) 
      Cumulative area ratio:  783.38
      Required ratio:    0.00 (Cumulative side area) 

    Layer: met1
      Partial area ratio:    2.20
      Required ratio:    0.00 (Gate area) 
      Partial area ratio:   11.78
      Required ratio:  400.00 (Side area) 
      Cumulative area ratio:    2.20
      Required ratio:    0.00 (Cumulative area) 
      Cumulative area ratio:   11.78
      Required ratio:    0.00 (Cumulative side area) 

    Layer: li1
      Partial area ratio:    0.00
      Required ratio:    0.00 (Gate area) 
      Partial area ratio:    0.00
      Required ratio:   75.00 (Side area) 
      Cumulative area ratio:    0.00
      Required ratio:    0.00 (Cumulative area) 
      Cumulative area ratio:    0.00
      Required ratio:    0.00 (Cumulative side area) 

    Via: M1M2_PR
      Partial area ratio:    0.18
      Required ratio:    6.00 (Gate area) 
      Cumulative area ratio:    0.41
      Required ratio:    0.00 (Cumulative area) 

    Via: L1M1_PR_MR
      Partial area ratio:    0.23
      Required ratio:    3.00 (Gate area) 
      Cumulative area ratio:    0.23
      Required ratio:    0.00 (Cumulative area) 

  Pin: _2463_/A1 (sky130_fd_sc_hd__mux2_1)
    Layer: met2
      Partial area ratio:   21.67
      Required ratio:    0.00 (Gate area) 
      Partial area ratio:  110.16
      Required ratio: 3091.96 (Side area) 
      Cumulative area ratio:  162.17
      Required ratio:    0.00 (Cumulative area) 
      Cumulative area ratio:  828.21
      Required ratio:    0.00 (Cumulative side area) 

    Layer: met1
      Partial area ratio:    0.00
      Required ratio:    0.00 (Gate area) 
      Partial area ratio:    0.00
      Required ratio:  400.00 (Side area) 
      Cumulative area ratio:    0.00
      Required ratio:    0.00 (Cumulative area) 
      Cumulative area ratio:    0.00
      Required ratio:    0.00 (Cumulative side area) 

    Layer: li1
      Partial area ratio:    0.00
      Required ratio:    0.00 (Gate area) 
      Partial area ratio:    0.00
      Required ratio:   75.00 (Side area) 
      Cumulative area ratio:    0.00
      Required ratio:    0.00 (Cumulative area) 
      Cumulative area ratio:    0.00
      Required ratio:    0.00 (Cumulative side area) 

    Via: M1M2_PR
      Partial area ratio:    0.18
      Required ratio:    6.00 (Gate area) 
      Cumulative area ratio:    0.41
      Required ratio:    0.00 (Cumulative area) 

    Via: L1M1_PR_MR
      Partial area ratio:    0.23
      Required ratio:    3.00 (Gate area) 
      Cumulative area ratio:    0.23
      Required ratio:    0.00 (Cumulative area) 

  Pin: _2406_/A1 (sky130_fd_sc_hd__mux2_1)
    Layer: met2
      Partial area ratio:   21.67
      Required ratio:    0.00 (Gate area) 
      Partial area ratio:  110.16
      Required ratio: 3091.96 (Side area) 
      Cumulative area ratio:  162.17
      Required ratio:    0.00 (Cumulative area) 
      Cumulative area ratio:  828.21
      Required ratio:    0.00 (Cumulative side area) 

    Layer: met1
      Partial area ratio:   10.70
      Required ratio:    0.00 (Gate area) 
      Partial area ratio:   56.61
      Required ratio:  400.00 (Side area) 
      Cumulative area ratio:   10.70
      Required ratio:    0.00 (Cumulative area) 
      Cumulative area ratio:   56.61
      Required ratio:    0.00 (Cumulative side area) 

    Layer: li1
      Partial area ratio:    0.00
      Required ratio:    0.00 (Gate area) 
      Partial area ratio:    0.00
      Required ratio:   75.00 (Side area) 
      Cumulative area ratio:    0.00
      Required ratio:    0.00 (Cumulative area) 
      Cumulative area ratio:    0.00
      Required ratio:    0.00 (Cumulative side area) 

    Via: M1M2_PR
      Partial area ratio:    0.18
      Required ratio:    6.00 (Gate area) 
      Cumulative area ratio:    0.41
      Required ratio:    0.00 (Cumulative area) 

    Via: L1M1_PR_MR
      Partial area ratio:    0.23
      Required ratio:    3.00 (Gate area) 
      Cumulative area ratio:    0.23
      Required ratio:    0.00 (Cumulative area) 

  Pin: _2330_/A1 (sky130_fd_sc_hd__mux2_1)
    Layer: met2
      Partial area ratio:   21.67
      Required ratio:    0.00 (Gate area) 
      Partial area ratio:  110.16
      Required ratio: 3091.96 (Side area) 
      Cumulative area ratio:  162.17
      Required ratio:    0.00 (Cumulative area) 
      Cumulative area ratio:  828.21
      Required ratio:    0.00 (Cumulative side area) 

    Layer: met1
      Partial area ratio:   10.70
      Required ratio:    0.00 (Gate area) 
      Partial area ratio:   56.61
      Required ratio:  400.00 (Side area) 
      Cumulative area ratio:   10.70
      Required ratio:    0.00 (Cumulative area) 
      Cumulative area ratio:   56.61
      Required ratio:    0.00 (Cumulative side area) 

    Layer: li1
      Partial area ratio:    0.00
      Required ratio:    0.00 (Gate area) 
      Partial area ratio:    0.00
      Required ratio:   75.00 (Side area) 
      Cumulative area ratio:    0.00
      Required ratio:    0.00 (Cumulative area) 
      Cumulative area ratio:    0.00
      Required ratio:    0.00 (Cumulative side area) 

    Via: M1M2_PR
      Partial area ratio:    0.18
      Required ratio:    6.00 (Gate area) 
      Cumulative area ratio:    0.41
      Required ratio:    0.00 (Cumulative area) 

    Via: L1M1_PR_MR
      Partial area ratio:    0.23
      Required ratio:    3.00 (Gate area) 
      Cumulative area ratio:    0.23
      Required ratio:    0.00 (Cumulative area) 

  Pin: _3381_/A0 (sky130_fd_sc_hd__mux2_1)
    Layer: met2
      Partial area ratio:   21.67
      Required ratio:    0.00 (Gate area) 
      Partial area ratio:  110.16
      Required ratio: 3091.96 (Side area) 
      Cumulative area ratio:  151.47
      Required ratio:    0.00 (Cumulative area) 
      Cumulative area ratio:  771.60
      Required ratio:    0.00 (Cumulative side area) 

    Layer: met1
      Partial area ratio:  129.80
      Required ratio:    0.00 (Gate area) 
      Partial area ratio:  661.44
      Required ratio:  400.00 (Side area) (VIOLATED)
      Cumulative area ratio:  129.80
      Required ratio:    0.00 (Cumulative area) 
      Cumulative area ratio:  661.44
      Required ratio:    0.00 (Cumulative side area) 

    Layer: li1
      Partial area ratio:    0.00
      Required ratio:    0.00 (Gate area) 
      Partial area ratio:    0.00
      Required ratio:   75.00 (Side area) 
      Cumulative area ratio:    0.00
      Required ratio:    0.00 (Cumulative area) 
      Cumulative area ratio:    0.00
      Required ratio:    0.00 (Cumulative side area) 

    Via: M1M2_PR
      Partial area ratio:    0.54
      Required ratio:    6.00 (Gate area) 
      Cumulative area ratio:    0.77
      Required ratio:    0.00 (Cumulative area) 

    Via: L1M1_PR_MR
      Partial area ratio:    0.23
      Required ratio:    3.00 (Gate area) 
      Cumulative area ratio:    0.23
      Required ratio:    0.00 (Cumulative area) 

  Pin: _3364_/A0 (sky130_fd_sc_hd__mux2_1)
    Layer: met2
      Partial area ratio:   21.67
      Required ratio:    0.00 (Gate area) 
      Partial area ratio:  110.16
      Required ratio: 3091.96 (Side area) 
      Cumulative area ratio:  156.25
      Required ratio:    0.00 (Cumulative area) 
      Cumulative area ratio:  797.04
      Required ratio:    0.00 (Cumulative side area) 

    Layer: met1
      Partial area ratio:    4.78
      Required ratio:    0.00 (Gate area) 
      Partial area ratio:   25.44
      Required ratio:  400.00 (Side area) 
      Cumulative area ratio:    4.78
      Required ratio:    0.00 (Cumulative area) 
      Cumulative area ratio:   25.44
      Required ratio:    0.00 (Cumulative side area) 

    Layer: li1
      Partial area ratio:    0.00
      Required ratio:    0.00 (Gate area) 
      Partial area ratio:    0.00
      Required ratio:   75.00 (Side area) 
      Cumulative area ratio:    0.00
      Required ratio:    0.00 (Cumulative area) 
      Cumulative area ratio:    0.00
      Required ratio:    0.00 (Cumulative side area) 

    Via: M1M2_PR
      Partial area ratio:    0.18
      Required ratio:    6.00 (Gate area) 
      Cumulative area ratio:    0.41
      Required ratio:    0.00 (Cumulative area) 

    Via: L1M1_PR_MR
      Partial area ratio:    0.23
      Required ratio:    3.00 (Gate area) 
      Cumulative area ratio:    0.23
      Required ratio:    0.00 (Cumulative area) 

  Pin: _3398_/A0 (sky130_fd_sc_hd__mux2_1)
    Layer: met2
      Partial area ratio:   21.67
      Required ratio:    0.00 (Gate area) 
      Partial area ratio:  110.16
      Required ratio: 3091.96 (Side area) 
      Cumulative area ratio:  151.47
      Required ratio:    0.00 (Cumulative area) 
      Cumulative area ratio:  771.60
      Required ratio:    0.00 (Cumulative side area) 

    Layer: met1
      Partial area ratio:    0.00
      Required ratio:    0.00 (Gate area) 
      Partial area ratio:    0.00
      Required ratio:  400.00 (Side area) 
      Cumulative area ratio:    0.00
      Required ratio:    0.00 (Cumulative area) 
      Cumulative area ratio:    0.00
      Required ratio:    0.00 (Cumulative side area) 

    Layer: li1
      Partial area ratio:    0.00
      Required ratio:    0.00 (Gate area) 
      Partial area ratio:    0.00
      Required ratio:   75.00 (Side area) 
      Cumulative area ratio:    0.00
      Required ratio:    0.00 (Cumulative area) 
      Cumulative area ratio:    0.00
      Required ratio:    0.00 (Cumulative side area) 

    Via: M1M2_PR
      Partial area ratio:    0.18
      Required ratio:    6.00 (Gate area) 
      Cumulative area ratio:    0.41
      Required ratio:    0.00 (Cumulative area) 

    Via: L1M1_PR_MR
      Partial area ratio:    0.23
      Required ratio:    3.00 (Gate area) 
      Cumulative area ratio:    0.23
      Required ratio:    0.00 (Cumulative area) 


[INFO ANT-0002] Found 1 net violations.
[INFO ANT-0001] Found 1 pin violations.
