
61. Printing statistics.

=== single_port_ram ===

   Number of wires:               2247
   Number of wire bits:           2266
   Number of public wires:         523
   Number of public wire bits:     542
   Number of memories:               0
   Number of memory bits:            0
   Number of processes:              0
   Number of cells:               2250
     sky130_fd_sc_hd__a211o_2       12
     sky130_fd_sc_hd__a21o_2        52
     sky130_fd_sc_hd__a22o_2        30
     sky130_fd_sc_hd__a32o_2         2
     sky130_fd_sc_hd__and2_2        30
     sky130_fd_sc_hd__and2b_2       40
     sky130_fd_sc_hd__and3_2         4
     sky130_fd_sc_hd__and3b_2        4
     sky130_fd_sc_hd__and4b_2        2
     sky130_fd_sc_hd__and4bb_2       1
     sky130_fd_sc_hd__buf_1        653
     sky130_fd_sc_hd__dfxtp_2      524
     sky130_fd_sc_hd__inv_2          8
     sky130_fd_sc_hd__mux2_2       612
     sky130_fd_sc_hd__mux4_2        70
     sky130_fd_sc_hd__nand2_2       34
     sky130_fd_sc_hd__nor2_2        28
     sky130_fd_sc_hd__nor2b_2        5
     sky130_fd_sc_hd__nor3_2         1
     sky130_fd_sc_hd__o21a_2        32
     sky130_fd_sc_hd__o21ba_2       20
     sky130_fd_sc_hd__o221a_2       40
     sky130_fd_sc_hd__o31a_2         8
     sky130_fd_sc_hd__or2_2         28
     sky130_fd_sc_hd__or3_2          3
     sky130_fd_sc_hd__or3b_2         4
     sky130_fd_sc_hd__or4_2          2
     sky130_fd_sc_hd__or4bb_2        1

   Chip area for module '\single_port_ram': 25389.350400

