
===========================================================================
report_checks -unconstrained
===========================================================================
======================= Fastest Corner ===================================

Startpoint: _3906_ (rising edge-triggered flip-flop clocked by clk)
Endpoint: q[2] (output port clocked by clk)
Path Group: clk
Path Type: max
Corner: Fastest

Fanout     Cap    Slew   Delay    Time   Description
-----------------------------------------------------------------------------
                  0.15    0.00    0.00   clock clk (rise edge)
                          0.00    0.00   clock network delay (ideal)
                  0.15    0.00    0.00 ^ _3906_/CLK (sky130_fd_sc_hd__dfxtp_2)
     7    0.04    0.16    0.33    0.33 ^ _3906_/Q (sky130_fd_sc_hd__dfxtp_2)
                                         _0000_ (net)
                  0.16    0.00    0.33 ^ _1767_/A (sky130_fd_sc_hd__buf_4)
    10    0.08    0.17    0.20    0.53 ^ _1767_/X (sky130_fd_sc_hd__buf_4)
                                         _0567_ (net)
                  0.17    0.00    0.54 ^ _1838_/A (sky130_fd_sc_hd__buf_4)
    10    0.08    0.16    0.20    0.73 ^ _1838_/X (sky130_fd_sc_hd__buf_4)
                                         _0638_ (net)
                  0.16    0.01    0.74 ^ _1959_/S0 (sky130_fd_sc_hd__mux4_1)
     1    0.01    0.08    0.33    1.07 v _1959_/X (sky130_fd_sc_hd__mux4_1)
                                         _0757_ (net)
                  0.08    0.00    1.07 v _1964_/A2 (sky130_fd_sc_hd__a21o_1)
     1    0.01    0.05    0.17    1.24 v _1964_/X (sky130_fd_sc_hd__a21o_1)
                                         _0762_ (net)
                  0.05    0.00    1.24 v _1971_/A2 (sky130_fd_sc_hd__mux4_1)
     1    0.02    0.11    0.36    1.60 v _1971_/X (sky130_fd_sc_hd__mux4_1)
                                         _0769_ (net)
                  0.11    0.00    1.60 v _1972_/B1 (sky130_fd_sc_hd__a22o_1)
     1    0.02    0.08    0.17    1.77 v _1972_/X (sky130_fd_sc_hd__a22o_1)
                                         net18 (net)
                  0.08    0.00    1.77 v output18/A (sky130_fd_sc_hd__clkbuf_4)
     1    0.04    0.06    0.15    1.92 v output18/X (sky130_fd_sc_hd__clkbuf_4)
                                         q[2] (net)
                  0.06    0.00    1.92 v q[2] (out)
                                  1.92   data arrival time

                  0.15   10.00   10.00   clock clk (rise edge)
                          0.00   10.00   clock network delay (ideal)
                         -0.25    9.75   clock uncertainty
                          0.00    9.75   clock reconvergence pessimism
                         -2.00    7.75   output external delay
                                  7.75   data required time
-----------------------------------------------------------------------------
                                  7.75   data required time
                                 -1.92   data arrival time
-----------------------------------------------------------------------------
                                  5.83   slack (MET)



======================= Slowest Corner ===================================

Startpoint: _3906_ (rising edge-triggered flip-flop clocked by clk)
Endpoint: q[4] (output port clocked by clk)
Path Group: clk
Path Type: max
Corner: Slowest

Fanout     Cap    Slew   Delay    Time   Description
-----------------------------------------------------------------------------
                  0.15    0.00    0.00   clock clk (rise edge)
                          0.00    0.00   clock network delay (ideal)
                  0.15    0.00    0.00 ^ _3906_/CLK (sky130_fd_sc_hd__dfxtp_2)
     7    0.04    0.33    0.93    0.93 ^ _3906_/Q (sky130_fd_sc_hd__dfxtp_2)
                                         _0000_ (net)
                  0.33    0.00    0.94 ^ _1767_/A (sky130_fd_sc_hd__buf_4)
    10    0.08    0.35    0.55    1.49 ^ _1767_/X (sky130_fd_sc_hd__buf_4)
                                         _0567_ (net)
                  0.35    0.00    1.49 ^ _1823_/A (sky130_fd_sc_hd__buf_4)
    10    0.08    0.37    0.57    2.06 ^ _1823_/X (sky130_fd_sc_hd__buf_4)
                                         _0623_ (net)
                  0.37    0.02    2.08 ^ _2061_/S0 (sky130_fd_sc_hd__mux4_1)
     1    0.01    0.18    1.44    3.51 v _2061_/X (sky130_fd_sc_hd__mux4_1)
                                         _0857_ (net)
                  0.18    0.00    3.52 v _2062_/B1 (sky130_fd_sc_hd__a22o_1)
     1    0.02    0.19    0.52    4.03 v _2062_/X (sky130_fd_sc_hd__a22o_1)
                                         _0858_ (net)
                  0.19    0.00    4.04 v _2081_/A0 (sky130_fd_sc_hd__mux4_1)
     1    0.02    0.30    1.42    5.46 v _2081_/X (sky130_fd_sc_hd__mux4_1)
                                         _0877_ (net)
                  0.30    0.00    5.46 v _2082_/B1 (sky130_fd_sc_hd__a22o_1)
     1    0.01    0.16    0.54    6.00 v _2082_/X (sky130_fd_sc_hd__a22o_1)
                                         net20 (net)
                  0.16    0.00    6.00 v output20/A (sky130_fd_sc_hd__clkbuf_4)
     1    0.03    0.14    0.39    6.39 v output20/X (sky130_fd_sc_hd__clkbuf_4)
                                         q[4] (net)
                  0.14    0.00    6.39 v q[4] (out)
                                  6.39   data arrival time

                  0.15   10.00   10.00   clock clk (rise edge)
                          0.00   10.00   clock network delay (ideal)
                         -0.25    9.75   clock uncertainty
                          0.00    9.75   clock reconvergence pessimism
                         -2.00    7.75   output external delay
                                  7.75   data required time
-----------------------------------------------------------------------------
                                  7.75   data required time
                                 -6.39   data arrival time
-----------------------------------------------------------------------------
                                  1.36   slack (MET)



======================= Typical Corner ===================================

Startpoint: _3906_ (rising edge-triggered flip-flop clocked by clk)
Endpoint: q[4] (output port clocked by clk)
Path Group: clk
Path Type: max
Corner: Typical

Fanout     Cap    Slew   Delay    Time   Description
-----------------------------------------------------------------------------
                  0.15    0.00    0.00   clock clk (rise edge)
                          0.00    0.00   clock network delay (ideal)
                  0.15    0.00    0.00 ^ _3906_/CLK (sky130_fd_sc_hd__dfxtp_2)
     7    0.04    0.21    0.50    0.50 ^ _3906_/Q (sky130_fd_sc_hd__dfxtp_2)
                                         _0000_ (net)
                  0.21    0.00    0.50 ^ _1767_/A (sky130_fd_sc_hd__buf_4)
    10    0.08    0.22    0.31    0.80 ^ _1767_/X (sky130_fd_sc_hd__buf_4)
                                         _0567_ (net)
                  0.22    0.00    0.81 ^ _1823_/A (sky130_fd_sc_hd__buf_4)
    10    0.08    0.24    0.31    1.12 ^ _1823_/X (sky130_fd_sc_hd__buf_4)
                                         _0623_ (net)
                  0.24    0.02    1.13 ^ _2061_/S0 (sky130_fd_sc_hd__mux4_1)
     1    0.01    0.10    0.63    1.77 v _2061_/X (sky130_fd_sc_hd__mux4_1)
                                         _0857_ (net)
                  0.10    0.00    1.77 v _2062_/B1 (sky130_fd_sc_hd__a22o_1)
     1    0.02    0.11    0.27    2.04 v _2062_/X (sky130_fd_sc_hd__a22o_1)
                                         _0858_ (net)
                  0.11    0.00    2.04 v _2081_/A0 (sky130_fd_sc_hd__mux4_1)
     1    0.02    0.16    0.64    2.68 v _2081_/X (sky130_fd_sc_hd__mux4_1)
                                         _0877_ (net)
                  0.16    0.00    2.68 v _2082_/B1 (sky130_fd_sc_hd__a22o_1)
     1    0.01    0.09    0.29    2.97 v _2082_/X (sky130_fd_sc_hd__a22o_1)
                                         net20 (net)
                  0.09    0.00    2.97 v output20/A (sky130_fd_sc_hd__clkbuf_4)
     1    0.03    0.08    0.21    3.18 v output20/X (sky130_fd_sc_hd__clkbuf_4)
                                         q[4] (net)
                  0.08    0.00    3.18 v q[4] (out)
                                  3.18   data arrival time

                  0.15   10.00   10.00   clock clk (rise edge)
                          0.00   10.00   clock network delay (ideal)
                         -0.25    9.75   clock uncertainty
                          0.00    9.75   clock reconvergence pessimism
                         -2.00    7.75   output external delay
                                  7.75   data required time
-----------------------------------------------------------------------------
                                  7.75   data required time
                                 -3.18   data arrival time
-----------------------------------------------------------------------------
                                  4.57   slack (MET)




===========================================================================
report_checks --slack_max -0.01
============================================================================
======================= Fastest Corner ===================================

No paths found.

======================= Slowest Corner ===================================

No paths found.

======================= Typical Corner ===================================

No paths found.


===========================================================================
 report_check_types -max_slew -max_cap -max_fanout -violators
============================================================================
======================= Fastest Corner ===================================

max fanout

Pin                                   Limit Fanout  Slack
---------------------------------------------------------
_2708_/X                                 10     13     -3 (VIOLATED)
_2720_/X                                 10     12     -2 (VIOLATED)
_1785_/X                                 10     11        (VIOLATED)
_1800_/X                                 10     11        (VIOLATED)
_2256_/X                                 10     11        (VIOLATED)
_2265_/X                                 10     11        (VIOLATED)
_2271_/X                                 10     11        (VIOLATED)
_2277_/X                                 10     11        (VIOLATED)
_2301_/X                                 10     11        (VIOLATED)
_2711_/X                                 10     11        (VIOLATED)
_2717_/X                                 10     11        (VIOLATED)
_2867_/X                                 10     11        (VIOLATED)
input8/X                                 10     11        (VIOLATED)


max slew violations count Fastest: 0
max fanout violations count Fastest: 13
max cap violations count Fastest: 0
======================= Slowest Corner ===================================

max fanout

Pin                                   Limit Fanout  Slack
---------------------------------------------------------
_2708_/X                                 10     13     -3 (VIOLATED)
_2720_/X                                 10     12     -2 (VIOLATED)
_1785_/X                                 10     11        (VIOLATED)
_1800_/X                                 10     11        (VIOLATED)
_2256_/X                                 10     11        (VIOLATED)
_2265_/X                                 10     11        (VIOLATED)
_2271_/X                                 10     11        (VIOLATED)
_2277_/X                                 10     11        (VIOLATED)
_2301_/X                                 10     11        (VIOLATED)
_2711_/X                                 10     11        (VIOLATED)
_2717_/X                                 10     11        (VIOLATED)
_2867_/X                                 10     11        (VIOLATED)
input8/X                                 10     11        (VIOLATED)


max slew violations count Slowest: 0
max fanout violations count Slowest: 13
max cap violations count Slowest: 0
======================= Typical Corner ===================================

max fanout

Pin                                   Limit Fanout  Slack
---------------------------------------------------------
_2708_/X                                 10     13     -3 (VIOLATED)
_2720_/X                                 10     12     -2 (VIOLATED)
_1785_/X                                 10     11        (VIOLATED)
_1800_/X                                 10     11        (VIOLATED)
_2256_/X                                 10     11        (VIOLATED)
_2265_/X                                 10     11        (VIOLATED)
_2271_/X                                 10     11        (VIOLATED)
_2277_/X                                 10     11        (VIOLATED)
_2301_/X                                 10     11        (VIOLATED)
_2711_/X                                 10     11        (VIOLATED)
_2717_/X                                 10     11        (VIOLATED)
_2867_/X                                 10     11        (VIOLATED)
input8/X                                 10     11        (VIOLATED)


max slew violations count Typical: 0
max fanout violations count Typical: 13
max cap violations count Typical: 0

===========================================================================
report_parasitic_annotation -report_unannotated
============================================================================
Found 0 unannotated drivers.
Found 0 partially unannotated drivers.

===========================================================================
max slew violation count 0
max fanout violation count 13
max cap violation count 0
============================================================================

===========================================================================
check_setup -verbose -unconstrained_endpoints -multiple_clock -no_clock -no_input_delay -loops -generated_clocks
===========================================================================
