
===========================================================================
 report_power
============================================================================
======================= Fastest Corner ===================================

Group                  Internal  Switching    Leakage      Total
                          Power      Power      Power      Power (Watts)
----------------------------------------------------------------
Sequential             2.47e-03   1.13e-05   7.59e-09   2.48e-03  62.1%
Combinational          1.80e-04   3.17e-04   2.39e-08   4.97e-04  12.4%
Clock                  2.35e-04   7.86e-04   4.61e-09   1.02e-03  25.5%
Macro                  0.00e+00   0.00e+00   0.00e+00   0.00e+00   0.0%
Pad                    0.00e+00   0.00e+00   0.00e+00   0.00e+00   0.0%
----------------------------------------------------------------
Total                  2.89e-03   1.11e-03   3.62e-08   4.00e-03 100.0%
                          72.2%      27.8%       0.0%

======================= Slowest Corner ===================================

Group                  Internal  Switching    Leakage      Total
                          Power      Power      Power      Power (Watts)
----------------------------------------------------------------
Sequential             1.62e-03   7.33e-06   7.12e-06   1.63e-03  61.5%
Combinational          1.29e-04   2.09e-04   1.43e-05   3.52e-04  13.3%
Clock                  1.72e-04   4.99e-04   3.29e-07   6.71e-04  25.3%
Macro                  0.00e+00   0.00e+00   0.00e+00   0.00e+00   0.0%
Pad                    0.00e+00   0.00e+00   0.00e+00   0.00e+00   0.0%
----------------------------------------------------------------
Total                  1.92e-03   7.15e-04   2.17e-05   2.66e-03 100.0%
                          72.3%      26.9%       0.8%

======================= Typical Corner ===================================

Group                  Internal  Switching    Leakage      Total
                          Power      Power      Power      Power (Watts)
----------------------------------------------------------------
Sequential             2.10e-03   9.44e-06   4.23e-09   2.11e-03  62.0%
Combinational          1.60e-04   2.67e-04   1.20e-08   4.28e-04  12.6%
Clock                  2.07e-04   6.58e-04   4.12e-09   8.66e-04  25.4%
Macro                  0.00e+00   0.00e+00   0.00e+00   0.00e+00   0.0%
Pad                    0.00e+00   0.00e+00   0.00e+00   0.00e+00   0.0%
----------------------------------------------------------------
Total                  2.47e-03   9.35e-04   2.04e-08   3.41e-03 100.0%
                          72.6%      27.4%       0.0%

