
===========================================================================
 report_power
============================================================================
======================= Fastest Corner ===================================

Group                  Internal  Switching    Leakage      Total
                          Power      Power      Power      Power (Watts)
----------------------------------------------------------------
Sequential             2.47e-03   1.08e-05   7.59e-09   2.48e-03  62.9%
Combinational          1.79e-04   2.99e-04   2.39e-08   4.79e-04  12.1%
Clock                  2.34e-04   7.50e-04   4.61e-09   9.85e-04  24.9%
Macro                  0.00e+00   0.00e+00   0.00e+00   0.00e+00   0.0%
Pad                    0.00e+00   0.00e+00   0.00e+00   0.00e+00   0.0%
----------------------------------------------------------------
Total                  2.89e-03   1.06e-03   3.62e-08   3.95e-03 100.0%
                          73.1%      26.9%       0.0%

======================= Slowest Corner ===================================

Group                  Internal  Switching    Leakage      Total
                          Power      Power      Power      Power (Watts)
----------------------------------------------------------------
Sequential             1.62e-03   6.97e-06   7.12e-06   1.63e-03  62.3%
Combinational          1.29e-04   1.97e-04   1.43e-05   3.40e-04  13.0%
Clock                  1.72e-04   4.75e-04   3.29e-07   6.48e-04  24.7%
Macro                  0.00e+00   0.00e+00   0.00e+00   0.00e+00   0.0%
Pad                    0.00e+00   0.00e+00   0.00e+00   0.00e+00   0.0%
----------------------------------------------------------------
Total                  1.92e-03   6.79e-04   2.17e-05   2.62e-03 100.0%
                          73.3%      25.9%       0.8%

======================= Typical Corner ===================================

Group                  Internal  Switching    Leakage      Total
                          Power      Power      Power      Power (Watts)
----------------------------------------------------------------
Sequential             2.10e-03   8.99e-06   4.23e-09   2.11e-03  62.9%
Combinational          1.60e-04   2.52e-04   1.20e-08   4.12e-04  12.3%
Clock                  2.07e-04   6.28e-04   4.12e-09   8.35e-04  24.9%
Macro                  0.00e+00   0.00e+00   0.00e+00   0.00e+00   0.0%
Pad                    0.00e+00   0.00e+00   0.00e+00   0.00e+00   0.0%
----------------------------------------------------------------
Total                  2.47e-03   8.89e-04   2.04e-08   3.36e-03 100.0%
                          73.5%      26.5%       0.0%

