OpenROAD 6f9b2bb8b808b1bb5831d4525d868212ae50517a 
This program is licensed under the BSD-3 license. See the LICENSE file for details.
Components of this program may be licensed under more restrictive licenses which must be honored.
[INFO]: Reading ODB at '/openlane/designs/ram/runs/RUN_2023.12.24_10.45.30/tmp/20-single_port_ram.odb'…
define_corners Typical
read_liberty -corner Typical /home/mechx/.volare/sky130A/libs.ref/sky130_fd_sc_hd/lib/sky130_fd_sc_hd__tt_025C_1v80.lib
Using 1e-12 for capacitance...
Using 1e+03 for resistance...
Using 1e-09 for time...
Using 1e+00 for voltage...
Using 1e-03 for current...
Using 1e-09 for power...
Using 1e-06 for distance...
Reading design constraints file at '/openlane/scripts/base.sdc'…
[INFO]: Setting output delay to: 2.0
[INFO]: Setting input delay to: 2.0
[INFO]: Setting load to: 0.033442
[INFO]: Setting clock uncertainty to: 0.25
[INFO]: Setting clock transition to: 0.15
[INFO]: Setting timing derate to: 5.0 %
[INFO]: Setting signal min routing layer to: met1 and clock min routing layer to met1. 
[INFO]: Setting signal max routing layer to: met5 and clock max routing layer to met5. 
-congestion_iterations 50 -verbose -congestion_report_file /openlane/designs/ram/runs/RUN_2023.12.24_10.45.30/tmp/routing/groute-congestion.rpt
[INFO GRT-0020] Min routing layer: met1
[INFO GRT-0021] Max routing layer: met5
[INFO GRT-0022] Global adjustment: 30%
[INFO GRT-0023] Grid origin: (0, 0)
[INFO GRT-0043] No OR_DEFAULT vias defined.
[INFO GRT-0088] Layer li1     Track-Pitch = 0.4600  line-2-Via Pitch: 0.3400
[INFO GRT-0088] Layer met1    Track-Pitch = 0.3400  line-2-Via Pitch: 0.3400
[INFO GRT-0088] Layer met2    Track-Pitch = 0.4600  line-2-Via Pitch: 0.3500
[INFO GRT-0088] Layer met3    Track-Pitch = 0.6800  line-2-Via Pitch: 0.6150
[INFO GRT-0088] Layer met4    Track-Pitch = 0.9200  line-2-Via Pitch: 1.0400
[INFO GRT-0088] Layer met5    Track-Pitch = 3.4000  line-2-Via Pitch: 3.1100
[INFO GRT-0019] Found 51 clock nets.
[INFO GRT-0001] Minimum degree: 2
[INFO GRT-0002] Maximum degree: 20
[INFO GRT-0003] Macros: 0
[INFO GRT-0004] Blockages: 8832

[INFO GRT-0053] Routing resources analysis:
          Routing      Original      Derated      Resource
Layer     Direction    Resources     Resources    Reduction (%)
---------------------------------------------------------------
li1        Vertical            0             0          0.00%
met1       Horizontal      24324         11590          52.35%
met2       Vertical        17970         11600          35.45%
met3       Horizontal      12162          8192          32.64%
met4       Vertical         7251          4468          38.38%
met5       Horizontal       2412          1122          53.48%
---------------------------------------------------------------

[INFO GRT-0101] Running extra iterations to remove overflow.
[INFO GRT-0197] Via related to pin nodes: 10728
[INFO GRT-0198] Via related Steiner nodes: 375
[INFO GRT-0199] Via filling finished.
[INFO GRT-0111] Final number of vias: 12130
[INFO GRT-0112] Final usage 3D: 46714

[INFO GRT-0096] Final congestion report:
Layer         Resource        Demand        Usage (%)    Max H / Max V / Total Overflow
---------------------------------------------------------------------------------------
li1                  0             0            0.00%             0 /  0 /  0
met1             11590          4495           38.78%             0 /  0 /  0
met2             11600          5067           43.68%             0 /  0 /  0
met3              8192           363            4.43%             0 /  0 /  0
met4              4468           399            8.93%             0 /  0 /  0
met5              1122             0            0.00%             0 /  0 /  0
---------------------------------------------------------------------------------------
Total            36972         10324           27.92%             0 /  0 /  0

[INFO GRT-0018] Total wirelength: 111600 um
[INFO GRT-0014] Routed nets: 2847
[INFO GRT-0006] Repairing antennas, iteration 1.
[INFO GRT-0043] No OR_DEFAULT vias defined.
[INFO GRT-0012] Found 10 antenna violations.
[INFO GRT-0015] Inserted 12 diodes.
[INFO GRT-0009] rerouting 2063 nets.
[INFO GRT-0001] Minimum degree: 2
[INFO GRT-0002] Maximum degree: 20
[INFO GRT-0006] Repairing antennas, iteration 2.
[INFO GRT-0043] No OR_DEFAULT vias defined.
[INFO GRT-0012] Found 5 antenna violations.
[INFO GRT-0015] Inserted 6 diodes.
[INFO GRT-0009] rerouting 54 nets.
[INFO GRT-0001] Minimum degree: 2
[INFO GRT-0002] Maximum degree: 14
[INFO GRT-0006] Repairing antennas, iteration 3.
[INFO GRT-0043] No OR_DEFAULT vias defined.
[INFO GRT-0012] Found 0 antenna violations.
Placement Analysis
---------------------------------
total displacement          0.0 u
average displacement        0.0 u
max displacement            0.0 u
original HPWL           62619.7 u
legalized HPWL          62619.7 u
delta HPWL                    0 %

[INFO DPL-0020] Mirrored 1112 instances
[INFO DPL-0021] HPWL before           62619.7 u
[INFO DPL-0022] HPWL after            60313.3 u
[INFO DPL-0023] HPWL delta               -3.7 %
[INFO]: Setting signal min routing layer to: met1 and clock min routing layer to met1. 
[INFO]: Setting signal max routing layer to: met5 and clock max routing layer to met5. 
-congestion_iterations 50 -verbose -congestion_report_file /openlane/designs/ram/runs/RUN_2023.12.24_10.45.30/tmp/routing/groute-congestion.rpt
[INFO GRT-0020] Min routing layer: met1
[INFO GRT-0021] Max routing layer: met5
[INFO GRT-0022] Global adjustment: 30%
[INFO GRT-0023] Grid origin: (0, 0)
[INFO GRT-0043] No OR_DEFAULT vias defined.
[INFO GRT-0088] Layer li1     Track-Pitch = 0.4600  line-2-Via Pitch: 0.3400
[INFO GRT-0088] Layer met1    Track-Pitch = 0.3400  line-2-Via Pitch: 0.3400
[INFO GRT-0088] Layer met2    Track-Pitch = 0.4600  line-2-Via Pitch: 0.3500
[INFO GRT-0088] Layer met3    Track-Pitch = 0.6800  line-2-Via Pitch: 0.6150
[INFO GRT-0088] Layer met4    Track-Pitch = 0.9200  line-2-Via Pitch: 1.0400
[INFO GRT-0088] Layer met5    Track-Pitch = 3.4000  line-2-Via Pitch: 3.1100
[INFO GRT-0019] Found 51 clock nets.
[INFO GRT-0001] Minimum degree: 2
[INFO GRT-0002] Maximum degree: 20
[INFO GRT-0003] Macros: 0
[INFO GRT-0004] Blockages: 8832

[INFO GRT-0053] Routing resources analysis:
          Routing      Original      Derated      Resource
Layer     Direction    Resources     Resources    Reduction (%)
---------------------------------------------------------------
li1        Vertical            0             0          0.00%
met1       Horizontal      24324         11589          52.36%
met2       Vertical        17970         11600          35.45%
met3       Horizontal      12162          8192          32.64%
met4       Vertical         7251          4468          38.38%
met5       Horizontal       2412          1122          53.48%
---------------------------------------------------------------

[INFO GRT-0101] Running extra iterations to remove overflow.
[INFO GRT-0197] Via related to pin nodes: 10748
[INFO GRT-0198] Via related Steiner nodes: 371
[INFO GRT-0199] Via filling finished.
[INFO GRT-0111] Final number of vias: 12144
[INFO GRT-0112] Final usage 3D: 46768

[INFO GRT-0096] Final congestion report:
Layer         Resource        Demand        Usage (%)    Max H / Max V / Total Overflow
---------------------------------------------------------------------------------------
li1                  0             0            0.00%             0 /  0 /  0
met1             11589          4501           38.84%             0 /  0 /  0
met2             11600          5050           43.53%             0 /  0 /  0
met3              8192           363            4.43%             0 /  0 /  0
met4              4468           422            9.44%             0 /  0 /  0
met5              1122             0            0.00%             0 /  0 /  0
---------------------------------------------------------------------------------------
Total            36971         10336           27.96%             0 /  0 /  0

[INFO GRT-0018] Total wirelength: 111738 um
[INFO GRT-0014] Routed nets: 2847
Setting global connections for newly added cells…
Writing OpenROAD database to '/openlane/designs/ram/runs/RUN_2023.12.24_10.45.30/tmp/routing/22-global.odb'…
Writing layout to '/openlane/designs/ram/runs/RUN_2023.12.24_10.45.30/tmp/routing/22-global.def'…
Writing routing guides to '/openlane/designs/ram/runs/RUN_2023.12.24_10.45.30/tmp/routing/22-global.guide'…
