
===========================================================================
 report_power
============================================================================
======================= Fastest Corner ===================================

Group                  Internal  Switching    Leakage      Total
                          Power      Power      Power      Power (Watts)
----------------------------------------------------------------
Sequential             2.47e-03   1.19e-05   7.59e-09   2.49e-03  61.2%
Combinational          1.80e-04   3.35e-04   2.39e-08   5.15e-04  12.7%
Clock                  2.35e-04   8.24e-04   4.61e-09   1.06e-03  26.1%
Macro                  0.00e+00   0.00e+00   0.00e+00   0.00e+00   0.0%
Pad                    0.00e+00   0.00e+00   0.00e+00   0.00e+00   0.0%
----------------------------------------------------------------
Total                  2.89e-03   1.17e-03   3.62e-08   4.06e-03 100.0%
                          71.2%      28.8%       0.0%

======================= Slowest Corner ===================================

Group                  Internal  Switching    Leakage      Total
                          Power      Power      Power      Power (Watts)
----------------------------------------------------------------
Sequential             1.62e-03   7.70e-06   7.12e-06   1.63e-03  60.6%
Combinational          1.29e-04   2.21e-04   1.43e-05   3.65e-04  13.5%
Clock                  1.73e-04   5.24e-04   3.29e-07   6.97e-04  25.9%
Macro                  0.00e+00   0.00e+00   0.00e+00   0.00e+00   0.0%
Pad                    0.00e+00   0.00e+00   0.00e+00   0.00e+00   0.0%
----------------------------------------------------------------
Total                  1.92e-03   7.53e-04   2.17e-05   2.70e-03 100.0%
                          71.3%      27.9%       0.8%

======================= Typical Corner ===================================

Group                  Internal  Switching    Leakage      Total
                          Power      Power      Power      Power (Watts)
----------------------------------------------------------------
Sequential             2.10e-03   9.91e-06   4.23e-09   2.11e-03  61.2%
Combinational          1.60e-04   2.82e-04   1.20e-08   4.43e-04  12.8%
Clock                  2.08e-04   6.91e-04   4.12e-09   8.99e-04  26.0%
Macro                  0.00e+00   0.00e+00   0.00e+00   0.00e+00   0.0%
Pad                    0.00e+00   0.00e+00   0.00e+00   0.00e+00   0.0%
----------------------------------------------------------------
Total                  2.47e-03   9.83e-04   2.04e-08   3.46e-03 100.0%
                          71.5%      28.5%       0.0%

